  Support.cpp
d:\projects\big_number_oop\1712008_1712025_1712027_1712143\1712008_1712025_1712027_1712143\support.cpp(9): warning C4996: 'freopen': This function or variable may be unsafe. Consider using freopen_s instead. To disable deprecation, use _CRT_SECURE_NO_WARNINGS. See online help for details.
  c:\program files (x86)\windows kits\10\include\10.0.10240.0\ucrt\stdio.h(240): note: see declaration of 'freopen'
d:\projects\big_number_oop\1712008_1712025_1712027_1712143\1712008_1712025_1712027_1712143\support.cpp(152): warning C4018: '<': signed/unsigned mismatch
d:\projects\big_number_oop\1712008_1712025_1712027_1712143\1712008_1712025_1712027_1712143\support.cpp(216): warning C4018: '<': signed/unsigned mismatch
d:\projects\big_number_oop\1712008_1712025_1712027_1712143\1712008_1712025_1712027_1712143\support.cpp(226): warning C4018: '<': signed/unsigned mismatch
d:\projects\big_number_oop\1712008_1712025_1712027_1712143\1712008_1712025_1712027_1712143\support.cpp(239): warning C4996: 'freopen': This function or variable may be unsafe. Consider using freopen_s instead. To disable deprecation, use _CRT_SECURE_NO_WARNINGS. See online help for details.
  c:\program files (x86)\windows kits\10\include\10.0.10240.0\ucrt\stdio.h(240): note: see declaration of 'freopen'
d:\projects\big_number_oop\1712008_1712025_1712027_1712143\1712008_1712025_1712027_1712143\support.cpp(327): warning C4018: '<': signed/unsigned mismatch
d:\projects\big_number_oop\1712008_1712025_1712027_1712143\1712008_1712025_1712027_1712143\support.cpp(527): warning C4018: '<': signed/unsigned mismatch
d:\projects\big_number_oop\1712008_1712025_1712027_1712143\1712008_1712025_1712027_1712143\support.cpp(552): warning C4018: '<=': signed/unsigned mismatch
d:\projects\big_number_oop\1712008_1712025_1712027_1712143\1712008_1712025_1712027_1712143\support.cpp(558): warning C4018: '<': signed/unsigned mismatch
d:\projects\big_number_oop\1712008_1712025_1712027_1712143\1712008_1712025_1712027_1712143\support.cpp(564): warning C4018: '<': signed/unsigned mismatch
d:\projects\big_number_oop\1712008_1712025_1712027_1712143\1712008_1712025_1712027_1712143\support.cpp(585): warning C4018: '<': signed/unsigned mismatch
d:\projects\big_number_oop\1712008_1712025_1712027_1712143\1712008_1712025_1712027_1712143\support.cpp(673): warning C4018: '<': signed/unsigned mismatch
d:\projects\big_number_oop\1712008_1712025_1712027_1712143\1712008_1712025_1712027_1712143\support.cpp(681): warning C4018: '<': signed/unsigned mismatch
d:\projects\big_number_oop\1712008_1712025_1712027_1712143\1712008_1712025_1712027_1712143\support.cpp(713): warning C4018: '<=': signed/unsigned mismatch
d:\projects\big_number_oop\1712008_1712025_1712027_1712143\1712008_1712025_1712027_1712143\support.cpp(771): warning C4018: '<': signed/unsigned mismatch
d:\projects\big_number_oop\1712008_1712025_1712027_1712143\1712008_1712025_1712027_1712143\support.cpp(841): warning C4018: '<=': signed/unsigned mismatch
d:\projects\big_number_oop\1712008_1712025_1712027_1712143\1712008_1712025_1712027_1712143\support.cpp(892): warning C4018: '>=': signed/unsigned mismatch
d:\projects\big_number_oop\1712008_1712025_1712027_1712143\1712008_1712025_1712027_1712143\support.cpp(906): warning C4018: '<': signed/unsigned mismatch
d:\projects\big_number_oop\1712008_1712025_1712027_1712143\1712008_1712025_1712027_1712143\support.cpp(971): warning C4018: '<': signed/unsigned mismatch
  1712008_1712025_1712027_1712143.vcxproj -> D:\Projects\Big_Number_OOP\1712008_1712025_1712027_1712143\Debug\1712008_1712025_1712027_1712143.exe
  1712008_1712025_1712027_1712143.vcxproj -> D:\Projects\Big_Number_OOP\1712008_1712025_1712027_1712143\Debug\1712008_1712025_1712027_1712143.pdb (Full PDB)
